<?xml version="1.0" encoding="UTF-8"?>
<testng-results ignored="0" total="1" passed="1" failed="0" skipped="0">
  <reporter-output>
  </reporter-output>
  <suite started-at="2024-03-27T14:45:38 IST" name="Default suite" finished-at="2024-03-27T14:47:11 IST" duration-ms="93413">
    <groups>
    </groups>
    <test started-at="2024-03-27T14:45:38 IST" name="Default test" finished-at="2024-03-27T14:47:11 IST" duration-ms="93413">
      <class name="testpkg.testclass">
        <test-method is-config="true" signature="setup()[pri:0, instance:testpkg.testclass@459e9125]" started-at="2024-03-27T14:45:38 IST" name="setup" finished-at="2024-03-27T14:46:05 IST" duration-ms="27009" status="PASS">
          <reporter-output>
          </reporter-output>
        </test-method> <!-- setup -->
        <test-method signature="functions()[pri:0, instance:testpkg.testclass@459e9125]" started-at="2024-03-27T14:46:05 IST" name="functions" finished-at="2024-03-27T14:47:11 IST" duration-ms="66279" status="PASS">
          <reporter-output>
          </reporter-output>
        </test-method> <!-- functions -->
      </class> <!-- testpkg.testclass -->
    </test> <!-- Default test -->
  </suite> <!-- Default suite -->
</testng-results>
